<?xml version="1.0" encoding="UTF-8" standalone="no"?>
<!DOCTYPE log SYSTEM "logger.dtd">
<log>
<record>
  <date>2017-11-08T16:14:57.181-0300</date>
  <logger>DAMIAO ROBSON DOMICIANO</logger>
  <level>FINE</level>
  <message>File 116210003-DAMIAO ROBSON DOMICIANO.zip was received. It was sent by DAMIAO ROBSON DOMICIANO from IP 150.165.42.144</message>
</record>
</log>
<?xml version="1.0" encoding="UTF-8" standalone="no"?>
<!DOCTYPE log SYSTEM "logger.dtd">
<log>
<record>
  <date>2017-11-08T17:35:18.392-0300</date>
  <logger>DAMIAO ROBSON DOMICIANO</logger>
  <level>FINE</level>
  <message>File 116210003-DAMIAO ROBSON DOMICIANO.zip was received. It was sent by DAMIAO ROBSON DOMICIANO from IP 150.165.42.144</message>
</record>
</log>
<?xml version="1.0" encoding="UTF-8" standalone="no"?>
<!DOCTYPE log SYSTEM "logger.dtd">
<log>
<record>
  <date>2017-11-08T17:35:59.862-0300</date>
  <logger>DAMIAO ROBSON DOMICIANO</logger>
  <level>FINE</level>
  <message>File 116210003-DAMIAO ROBSON DOMICIANO.zip was received. It was sent by DAMIAO ROBSON DOMICIANO from IP 150.165.42.144</message>
</record>
</log>
<?xml version="1.0" encoding="UTF-8" standalone="no"?>
<!DOCTYPE log SYSTEM "logger.dtd">
<log>
<record>
  <date>2017-11-08T17:36:43.041-0300</date>
  <logger>DAMIAO ROBSON DOMICIANO</logger>
  <level>FINE</level>
  <message>File 116210003-DAMIAO ROBSON DOMICIANO.zip was received. It was sent by DAMIAO ROBSON DOMICIANO from IP 150.165.42.144</message>
</record>
</log>
<?xml version="1.0" encoding="UTF-8" standalone="no"?>
<!DOCTYPE log SYSTEM "logger.dtd">
<log>
<record>
  <date>2017-11-09T00:51:30.208-0300</date>
  <logger>DAMIAO ROBSON DOMICIANO</logger>
  <level>FINE</level>
  <message>File 116210003-DAMIAO ROBSON DOMICIANO.zip was received. It was sent by DAMIAO ROBSON DOMICIANO from IP 192.168.1.15</message>
</record>
</log>
<?xml version="1.0" encoding="UTF-8" standalone="no"?>
<!DOCTYPE log SYSTEM "logger.dtd">
<log>
<record>
  <date>2017-11-09T00:54:04.320-0300</date>
  <logger>DAMIAO ROBSON DOMICIANO</logger>
  <level>FINE</level>
  <message>File 116210003-DAMIAO ROBSON DOMICIANO.zip was received. It was sent by DAMIAO ROBSON DOMICIANO from IP 192.168.1.15</message>
</record>
</log>
<?xml version="1.0" encoding="UTF-8" standalone="no"?>
<!DOCTYPE log SYSTEM "logger.dtd">
<log>
<record>
  <date>2017-11-09T00:56:55.331-0300</date>
  <logger>DAMIAO ROBSON DOMICIANO</logger>
  <level>FINE</level>
  <message>File 116210003-DAMIAO ROBSON DOMICIANO.zip was received. It was sent by DAMIAO ROBSON DOMICIANO from IP 192.168.1.15</message>
</record>
</log>
<?xml version="1.0" encoding="UTF-8" standalone="no"?>
<!DOCTYPE log SYSTEM "logger.dtd">
<log>
<record>
  <date>2017-11-09T00:58:58.322-0300</date>
  <logger>DAMIAO ROBSON DOMICIANO</logger>
  <level>FINE</level>
  <message>File 116210003-DAMIAO ROBSON DOMICIANO.zip was received. It was sent by DAMIAO ROBSON DOMICIANO from IP 192.168.1.15</message>
</record>
</log>
<?xml version="1.0" encoding="UTF-8" standalone="no"?>
<!DOCTYPE log SYSTEM "logger.dtd">
<log>
<record>
  <date>2017-11-09T01:00:13.038-0300</date>
  <logger>DAMIAO ROBSON DOMICIANO</logger>
  <level>FINE</level>
  <message>File 116210003-DAMIAO ROBSON DOMICIANO.zip was received. It was sent by DAMIAO ROBSON DOMICIANO from IP 192.168.1.15</message>
</record>
</log>
<?xml version="1.0" encoding="UTF-8" standalone="no"?>
<!DOCTYPE log SYSTEM "logger.dtd">
<log>
<record>
  <date>2017-11-09T01:57:42.123-0300</date>
  <logger>DAMIAO ROBSON DOMICIANO</logger>
  <level>FINE</level>
  <message>File 116210003-DAMIAO ROBSON DOMICIANO.zip was received. It was sent by DAMIAO ROBSON DOMICIANO from IP 192.168.1.15</message>
</record>
</log>
<?xml version="1.0" encoding="UTF-8" standalone="no"?>
<!DOCTYPE log SYSTEM "logger.dtd">
<log>
<record>
  <date>2017-11-09T02:06:46.821-0300</date>
  <logger>DAMIAO ROBSON DOMICIANO</logger>
  <level>FINE</level>
  <message>File 116210003-DAMIAO ROBSON DOMICIANO.zip was received. It was sent by DAMIAO ROBSON DOMICIANO from IP 192.168.1.15</message>
</record>
